<?xml version="1.0" encoding="UTF-8"?>
<!-- Generated by org.testng.reporters.JUnitReportReporter -->
<testsuite hostname="Lenovo" failures="0" tests="1" name="javastreams.test2" time="0.060" errors="0" timestamp="2022-10-18T15:48:01 IST" skipped="0">
  <testcase classname="javastreams.test2" name="streamM" time="0.060"/>
  <system-out/>
</testsuite> <!-- javastreams.test2 -->
