<?xml version="1.0" encoding="UTF-8"?>
<!-- Generated by org.testng.reporters.JUnitReportReporter -->
<testsuite hostname="Lenovo" failures="0" tests="1" name="javastreams.test1" time="0.195" errors="0" timestamp="2022-10-18T12:32:42 IST" skipped="0">
  <testcase classname="javastreams.test1" name="streamFilter" time="0.195"/>
  <system-out/>
</testsuite> <!-- javastreams.test1 -->
